2025-07-29 10:55:34,629 - ENHANCED_RUNNER - INFO - ================================================================================
2025-07-29 10:55:34,629 - ENHANCED_RUNNER - INFO - STARTING ENHANCED ZERODHA TRADING SYSTEM
2025-07-29 10:55:34,629 - ENHANCED_RUNNER - INFO - ================================================================================
2025-07-29 10:55:34,656 - ENHANCED_RUNNER - INFO - Enhanced Prerequisites Check:
2025-07-29 10:55:34,656 - ENHANCED_RUNNER - INFO -   config_file: ✅ PASS
2025-07-29 10:55:34,656 - ENHANCED_RUNNER - INFO -   ltp_script: ✅ PASS
2025-07-29 10:55:34,656 - ENHANCED_RUNNER - INFO -   mtm_script: ✅ PASS
2025-07-29 10:55:34,657 - ENHANCED_RUNNER - INFO -   access_token: ✅ PASS
2025-07-29 10:55:34,657 - ENHANCED_RUNNER - INFO -   python_packages: ✅ PASS
2025-07-29 10:55:34,657 - ENHANCED_RUNNER - INFO -   ltp_database_writable: ✅ PASS
2025-07-29 10:55:34,657 - ENHANCED_RUNNER - INFO -   mtm_database_writable: ✅ PASS
2025-07-29 10:55:34,657 - ENHANCED_RUNNER - INFO -   disk_space: ✅ PASS
2025-07-29 10:55:34,657 - ENHANCED_RUNNER - INFO - Starting Enhanced LTP Subscriber...
2025-07-29 10:55:37,658 - ENHANCED_RUNNER - ERROR - Enhanced LTP Subscriber failed to start: Traceback (most recent call last):
  File "/home/ubuntu/utilities/subash_algo_trading/freelance_tasks/mtm_square_off_zerodha/zerodha_ltp_subscriber.py", line 16, in <module>
    from kiteconnect import KiteConnect, KiteTicker
ModuleNotFoundError: No module named 'kiteconnect'

2025-07-29 10:55:37,658 - ENHANCED_RUNNER - ERROR - Failed to start Enhanced LTP subscriber
2025-07-29 10:55:37,658 - ENHANCED_RUNNER - ERROR - Failed to start enhanced system
2025-07-29 10:55:37,658 - ENHANCED_RUNNER - INFO - Stopping Enhanced Zerodha Trading System...
2025-07-29 10:55:37,658 - ENHANCED_RUNNER - INFO - Enhanced system stopped successfully
2025-07-29 10:55:45,598 - ENHANCED_RUNNER - INFO - ================================================================================
2025-07-29 10:55:45,598 - ENHANCED_RUNNER - INFO - STARTING ENHANCED ZERODHA TRADING SYSTEM
2025-07-29 10:55:45,598 - ENHANCED_RUNNER - INFO - ================================================================================
2025-07-29 10:55:45,619 - ENHANCED_RUNNER - INFO - Enhanced Prerequisites Check:
2025-07-29 10:55:45,619 - ENHANCED_RUNNER - INFO -   config_file: ✅ PASS
2025-07-29 10:55:45,619 - ENHANCED_RUNNER - INFO -   ltp_script: ✅ PASS
2025-07-29 10:55:45,619 - ENHANCED_RUNNER - INFO -   mtm_script: ✅ PASS
2025-07-29 10:55:45,619 - ENHANCED_RUNNER - INFO -   access_token: ✅ PASS
2025-07-29 10:55:45,619 - ENHANCED_RUNNER - INFO -   python_packages: ✅ PASS
2025-07-29 10:55:45,619 - ENHANCED_RUNNER - INFO -   ltp_database_writable: ✅ PASS
2025-07-29 10:55:45,619 - ENHANCED_RUNNER - INFO -   mtm_database_writable: ✅ PASS
2025-07-29 10:55:45,619 - ENHANCED_RUNNER - INFO -   disk_space: ✅ PASS
2025-07-29 10:55:45,619 - ENHANCED_RUNNER - INFO - Starting Enhanced LTP Subscriber...
2025-07-29 10:55:48,620 - ENHANCED_RUNNER - INFO - Enhanced LTP Subscriber started successfully (PID: 2221)
2025-07-29 10:55:48,620 - ENHANCED_RUNNER - INFO - Waiting for Enhanced LTP subscriber to initialize...
2025-07-29 10:55:58,620 - ENHANCED_RUNNER - INFO - Starting Enhanced MTM Monitor...
2025-07-29 10:56:01,621 - ENHANCED_RUNNER - INFO - Enhanced MTM Monitor started successfully (PID: 2230)
2025-07-29 10:56:01,621 - ENHANCED_RUNNER - INFO - ================================================================================
2025-07-29 10:56:01,621 - ENHANCED_RUNNER - INFO - ENHANCED ZERODHA TRADING SYSTEM STARTED SUCCESSFULLY
2025-07-29 10:56:01,621 - ENHANCED_RUNNER - INFO - ================================================================================
2025-07-29 10:56:01,621 - ENHANCED_RUNNER - INFO - 🔧 Enhanced Features Active:
2025-07-29 10:56:01,621 - ENHANCED_RUNNER - INFO -    ✅ 3-second monitoring intervals
2025-07-29 10:56:01,621 - ENHANCED_RUNNER - INFO -    ✅ Prioritized square-off (SELL first)
2025-07-29 10:56:01,622 - ENHANCED_RUNNER - INFO -    ✅ Order verification & retry
2025-07-29 10:56:01,622 - ENHANCED_RUNNER - INFO -    ✅ Separate databases
2025-07-29 10:56:01,622 - ENHANCED_RUNNER - INFO -    ✅ Stale LTP refresh
2025-07-29 10:56:01,622 - ENHANCED_RUNNER - INFO -    ✅ Post square-off verification
2025-07-29 10:56:01,622 - ENHANCED_RUNNER - INFO - ================================================================================
2025-07-29 10:56:01,622 - ENHANCED_RUNNER - INFO - Enhanced system monitoring started. Press Ctrl+C to stop.
2025-07-29 10:56:01,622 - ENHANCED_RUNNER - INFO - Enhanced system monitoring started with 3s intervals
2025-07-29 10:56:05,658 - ENHANCED_RUNNER - INFO - Enhanced System Status:
2025-07-29 10:56:05,658 - ENHANCED_RUNNER - INFO -   LTP Subscriber: ✅ (Restarts: 0)
2025-07-29 10:56:05,658 - ENHANCED_RUNNER - INFO -   MTM Monitor: ✅ (Restarts: 0)
2025-07-29 10:56:05,658 - ENHANCED_RUNNER - INFO -   Current MTM: ₹0.00
2025-07-29 10:56:05,658 - ENHANCED_RUNNER - INFO -   Positions: 0
2025-07-29 10:56:05,658 - ENHANCED_RUNNER - INFO -   Today's Breaches: 0
2025-07-29 10:57:11,572 - ENHANCED_RUNNER - INFO - Received signal 2, initiating enhanced shutdown...
2025-07-29 10:57:11,572 - ENHANCED_RUNNER - INFO - Stopping Enhanced Zerodha Trading System...
2025-07-29 10:57:11,572 - ENHANCED_RUNNER - INFO - Stopping Enhanced MTM Monitor...
2025-07-29 10:57:26,572 - ENHANCED_RUNNER - WARNING - Enhanced MTM Monitor did not stop gracefully, forcing termination...
2025-07-29 10:57:26,576 - ENHANCED_RUNNER - INFO - Enhanced system stopped successfully
2025-07-29 10:57:26,576 - ENHANCED_RUNNER - INFO - Stopping Enhanced Zerodha Trading System...
2025-07-29 10:57:26,576 - ENHANCED_RUNNER - INFO - Enhanced system stopped successfully
2025-07-29 14:51:00,187 - ENHANCED_RUNNER - INFO - ================================================================================
2025-07-29 14:51:00,187 - ENHANCED_RUNNER - INFO - STARTING ENHANCED ZERODHA TRADING SYSTEM
2025-07-29 14:51:00,187 - ENHANCED_RUNNER - INFO - ================================================================================
2025-07-29 14:51:00,209 - ENHANCED_RUNNER - INFO - Enhanced Prerequisites Check:
2025-07-29 14:51:00,210 - ENHANCED_RUNNER - INFO -   config_file: ✅ PASS
2025-07-29 14:51:00,210 - ENHANCED_RUNNER - INFO -   ltp_script: ✅ PASS
2025-07-29 14:51:00,210 - ENHANCED_RUNNER - INFO -   mtm_script: ✅ PASS
2025-07-29 14:51:00,210 - ENHANCED_RUNNER - INFO -   access_token: ✅ PASS
2025-07-29 14:51:00,210 - ENHANCED_RUNNER - INFO -   python_packages: ✅ PASS
2025-07-29 14:51:00,210 - ENHANCED_RUNNER - INFO -   ltp_database_writable: ✅ PASS
2025-07-29 14:51:00,210 - ENHANCED_RUNNER - INFO -   mtm_database_writable: ✅ PASS
2025-07-29 14:51:00,210 - ENHANCED_RUNNER - INFO -   disk_space: ✅ PASS
2025-07-29 14:51:00,210 - ENHANCED_RUNNER - INFO - Starting Enhanced LTP Subscriber...
2025-07-29 14:51:03,211 - ENHANCED_RUNNER - INFO - Enhanced LTP Subscriber started successfully (PID: 4129)
2025-07-29 14:51:03,211 - ENHANCED_RUNNER - INFO - Waiting for Enhanced LTP subscriber to initialize...
2025-07-29 14:51:13,211 - ENHANCED_RUNNER - INFO - Starting Enhanced MTM Monitor...
2025-07-29 14:51:16,212 - ENHANCED_RUNNER - INFO - Enhanced MTM Monitor started successfully (PID: 4239)
2025-07-29 14:51:16,212 - ENHANCED_RUNNER - INFO - ================================================================================
2025-07-29 14:51:16,212 - ENHANCED_RUNNER - INFO - ENHANCED ZERODHA TRADING SYSTEM STARTED SUCCESSFULLY
2025-07-29 14:51:16,212 - ENHANCED_RUNNER - INFO - ================================================================================
2025-07-29 14:51:16,212 - ENHANCED_RUNNER - INFO - 🔧 Enhanced Features Active:
2025-07-29 14:51:16,212 - ENHANCED_RUNNER - INFO -    ✅ 3-second monitoring intervals
2025-07-29 14:51:16,212 - ENHANCED_RUNNER - INFO -    ✅ Prioritized square-off (SELL first)
2025-07-29 14:51:16,212 - ENHANCED_RUNNER - INFO -    ✅ Order verification & retry
2025-07-29 14:51:16,212 - ENHANCED_RUNNER - INFO -    ✅ Separate databases
2025-07-29 14:51:16,212 - ENHANCED_RUNNER - INFO -    ✅ Stale LTP refresh
2025-07-29 14:51:16,212 - ENHANCED_RUNNER - INFO -    ✅ Post square-off verification
2025-07-29 14:51:16,212 - ENHANCED_RUNNER - INFO - ================================================================================
2025-07-29 14:51:16,213 - ENHANCED_RUNNER - INFO - Enhanced system monitoring started. Press Ctrl+C to stop.
2025-07-29 14:51:16,213 - ENHANCED_RUNNER - INFO - Enhanced system monitoring started with 3s intervals
2025-07-29 14:51:20,240 - ENHANCED_RUNNER - INFO - Enhanced System Status:
2025-07-29 14:51:20,240 - ENHANCED_RUNNER - INFO -   LTP Subscriber: ✅ (Restarts: 0)
2025-07-29 14:51:20,240 - ENHANCED_RUNNER - INFO -   MTM Monitor: ✅ (Restarts: 0)
2025-07-29 14:51:20,240 - ENHANCED_RUNNER - INFO -   Current MTM: ₹0.00
2025-07-29 14:51:20,240 - ENHANCED_RUNNER - INFO -   Positions: 0
2025-07-29 14:51:20,240 - ENHANCED_RUNNER - INFO -   Today's Breaches: 0
2025-07-29 14:54:21,277 - ENHANCED_RUNNER - INFO - Enhanced System Status:
2025-07-29 14:54:21,277 - ENHANCED_RUNNER - INFO -   LTP Subscriber: ✅ (Restarts: 0)
2025-07-29 14:54:21,277 - ENHANCED_RUNNER - INFO -   MTM Monitor: ✅ (Restarts: 0)
2025-07-29 14:54:21,277 - ENHANCED_RUNNER - INFO -   Current MTM: ₹-38.00
2025-07-29 14:54:21,277 - ENHANCED_RUNNER - INFO -   Positions: 1
2025-07-29 14:54:21,278 - ENHANCED_RUNNER - INFO -   Today's Breaches: 0
2025-07-29 14:54:21,278 - ENHANCED_RUNNER - INFO -   Recent Square-offs: 4
2025-07-29 14:54:30,280 - ENHANCED_RUNNER - INFO - Health: LTP ✅ | MTM ✅ | MTM: ₹-38.00
2025-07-29 14:55:00,285 - ENHANCED_RUNNER - INFO - Health: LTP ✅ | MTM ✅ | MTM: ₹-56.00
2025-07-29 14:55:30,291 - ENHANCED_RUNNER - INFO - Health: LTP ✅ | MTM ✅ | MTM: ₹-56.00
2025-07-29 14:56:00,296 - ENHANCED_RUNNER - INFO - Health: LTP ✅ | MTM ✅ | MTM: ₹-56.00
2025-07-29 14:56:30,301 - ENHANCED_RUNNER - INFO - Health: LTP ✅ | MTM ✅ | MTM: ₹-56.00
2025-07-29 14:57:00,306 - ENHANCED_RUNNER - INFO - Health: LTP ✅ | MTM ✅ | MTM: ₹-56.00
2025-07-29 14:57:07,973 - ENHANCED_RUNNER - INFO - Received signal 2, initiating enhanced shutdown...
2025-07-29 14:57:07,973 - ENHANCED_RUNNER - INFO - Stopping Enhanced Zerodha Trading System...
2025-07-29 14:57:07,973 - ENHANCED_RUNNER - INFO - Stopping Enhanced MTM Monitor...
2025-07-29 14:57:08,229 - ENHANCED_RUNNER - INFO - Received signal 2, initiating enhanced shutdown...
2025-07-29 14:57:08,229 - ENHANCED_RUNNER - INFO - Stopping Enhanced Zerodha Trading System...
2025-07-29 14:57:08,229 - ENHANCED_RUNNER - INFO - Stopping Enhanced MTM Monitor...
2025-07-29 14:57:08,442 - ENHANCED_RUNNER - INFO - Received signal 2, initiating enhanced shutdown...
2025-07-29 14:57:08,442 - ENHANCED_RUNNER - INFO - Stopping Enhanced Zerodha Trading System...
2025-07-29 14:57:08,442 - ENHANCED_RUNNER - INFO - Stopping Enhanced MTM Monitor...
2025-07-29 14:57:08,671 - ENHANCED_RUNNER - INFO - Received signal 2, initiating enhanced shutdown...
2025-07-29 14:57:08,672 - ENHANCED_RUNNER - INFO - Stopping Enhanced Zerodha Trading System...
2025-07-29 14:57:08,672 - ENHANCED_RUNNER - INFO - Stopping Enhanced MTM Monitor...
2025-07-29 14:57:23,672 - ENHANCED_RUNNER - WARNING - Enhanced MTM Monitor did not stop gracefully, forcing termination...
2025-07-29 14:57:23,676 - ENHANCED_RUNNER - INFO - Enhanced system stopped successfully
2025-07-29 14:57:23,676 - ENHANCED_RUNNER - INFO - Stopping Enhanced Zerodha Trading System...
2025-07-29 14:57:23,676 - ENHANCED_RUNNER - INFO - Enhanced system stopped successfully
2025-07-29 14:57:43,334 - ENHANCED_RUNNER - INFO - ================================================================================
2025-07-29 14:57:43,334 - ENHANCED_RUNNER - INFO - STARTING ENHANCED ZERODHA TRADING SYSTEM
2025-07-29 14:57:43,334 - ENHANCED_RUNNER - INFO - ================================================================================
2025-07-29 14:57:43,358 - ENHANCED_RUNNER - INFO - Enhanced Prerequisites Check:
2025-07-29 14:57:43,358 - ENHANCED_RUNNER - INFO -   config_file: ✅ PASS
2025-07-29 14:57:43,358 - ENHANCED_RUNNER - INFO -   ltp_script: ✅ PASS
2025-07-29 14:57:43,358 - ENHANCED_RUNNER - INFO -   mtm_script: ✅ PASS
2025-07-29 14:57:43,358 - ENHANCED_RUNNER - INFO -   access_token: ✅ PASS
2025-07-29 14:57:43,358 - ENHANCED_RUNNER - INFO -   python_packages: ✅ PASS
2025-07-29 14:57:43,358 - ENHANCED_RUNNER - INFO -   ltp_database_writable: ✅ PASS
2025-07-29 14:57:43,358 - ENHANCED_RUNNER - INFO -   mtm_database_writable: ✅ PASS
2025-07-29 14:57:43,358 - ENHANCED_RUNNER - INFO -   disk_space: ✅ PASS
2025-07-29 14:57:43,358 - ENHANCED_RUNNER - INFO - Starting Enhanced LTP Subscriber...
2025-07-29 14:57:46,359 - ENHANCED_RUNNER - INFO - Enhanced LTP Subscriber started successfully (PID: 4526)
2025-07-29 14:57:46,359 - ENHANCED_RUNNER - INFO - Waiting for Enhanced LTP subscriber to initialize...
2025-07-29 14:57:56,359 - ENHANCED_RUNNER - INFO - Starting Enhanced MTM Monitor...
2025-07-29 14:57:59,360 - ENHANCED_RUNNER - INFO - Enhanced MTM Monitor started successfully (PID: 4529)
2025-07-29 14:57:59,360 - ENHANCED_RUNNER - INFO - ================================================================================
2025-07-29 14:57:59,360 - ENHANCED_RUNNER - INFO - ENHANCED ZERODHA TRADING SYSTEM STARTED SUCCESSFULLY
2025-07-29 14:57:59,360 - ENHANCED_RUNNER - INFO - ================================================================================
2025-07-29 14:57:59,360 - ENHANCED_RUNNER - INFO - 🔧 Enhanced Features Active:
2025-07-29 14:57:59,360 - ENHANCED_RUNNER - INFO -    ✅ 3-second monitoring intervals
2025-07-29 14:57:59,360 - ENHANCED_RUNNER - INFO -    ✅ Prioritized square-off (SELL first)
2025-07-29 14:57:59,360 - ENHANCED_RUNNER - INFO -    ✅ Order verification & retry
2025-07-29 14:57:59,361 - ENHANCED_RUNNER - INFO -    ✅ Separate databases
2025-07-29 14:57:59,361 - ENHANCED_RUNNER - INFO -    ✅ Stale LTP refresh
2025-07-29 14:57:59,361 - ENHANCED_RUNNER - INFO -    ✅ Post square-off verification
2025-07-29 14:57:59,361 - ENHANCED_RUNNER - INFO - ================================================================================
2025-07-29 14:57:59,361 - ENHANCED_RUNNER - INFO - Enhanced system monitoring started. Press Ctrl+C to stop.
2025-07-29 14:57:59,361 - ENHANCED_RUNNER - INFO - Enhanced system monitoring started:
2025-07-29 14:57:59,361 - ENHANCED_RUNNER - INFO -   • Process health checks: every 3s
2025-07-29 14:57:59,361 - ENHANCED_RUNNER - INFO -   • Quick MTM status: every 15s
2025-07-29 14:57:59,361 - ENHANCED_RUNNER - INFO -   • Detailed status: every 60s
2025-07-29 14:58:02,374 - ENHANCED_RUNNER - INFO - 💹 LTP ✅ | MTM ✅ | Current: ₹-247.00 | Positions: 1 | Daily Max: ₹0.00 | Target: ₹100
2025-07-29 14:58:03,386 - ENHANCED_RUNNER - INFO - ============================================================
2025-07-29 14:58:03,387 - ENHANCED_RUNNER - INFO - 📊 DETAILED SYSTEM STATUS
2025-07-29 14:58:03,387 - ENHANCED_RUNNER - INFO - ============================================================
2025-07-29 14:58:03,387 - ENHANCED_RUNNER - INFO - 🔧 Processes:
2025-07-29 14:58:03,387 - ENHANCED_RUNNER - INFO -    LTP Subscriber: ✅ Running (PID: 4526, Restarts: 0)
2025-07-29 14:58:03,387 - ENHANCED_RUNNER - INFO -    MTM Monitor: ✅ Running (PID: 4529, Restarts: 0)
2025-07-29 14:58:03,387 - ENHANCED_RUNNER - INFO - 💰 Trading Status:
2025-07-29 14:58:03,387 - ENHANCED_RUNNER - INFO -    Current MTM: ₹-247.00
2025-07-29 14:58:03,387 - ENHANCED_RUNNER - INFO -    Open Positions: 1
2025-07-29 14:58:03,387 - ENHANCED_RUNNER - INFO -    Daily Max MTM: ₹0.00
2025-07-29 14:58:03,387 - ENHANCED_RUNNER - INFO -    Daily Target: ₹100
2025-07-29 14:58:03,387 - ENHANCED_RUNNER - INFO -    Trading Discipline: ✅ INACTIVE (Trading allowed)
2025-07-29 14:58:03,388 - ENHANCED_RUNNER - INFO -    Today's Threshold Breaches: 0
2025-07-29 14:58:03,388 - ENHANCED_RUNNER - INFO -    Recent Square-offs: 5
2025-07-29 14:58:03,388 - ENHANCED_RUNNER - INFO - 💾 Database Status:
2025-07-29 14:58:03,388 - ENHANCED_RUNNER - INFO -    LTP DB: 0.0 MB (4 LTP records)
2025-07-29 14:58:03,388 - ENHANCED_RUNNER - INFO -    MTM DB: 0.1 MB (163 MTM records)
2025-07-29 14:58:03,388 - ENHANCED_RUNNER - INFO - ============================================================
2025-07-29 14:58:18,391 - ENHANCED_RUNNER - INFO - 💹 LTP ✅ | MTM ✅ | Current: ₹-276.00 | Positions: 0 | Daily Max: ₹0.00 | Target: ₹100
2025-07-29 14:58:33,394 - ENHANCED_RUNNER - INFO - 💹 LTP ✅ | MTM ✅ | Current: ₹-276.00 | Positions: 0 | Daily Max: ₹0.00 | Target: ₹100
2025-07-29 14:58:48,398 - ENHANCED_RUNNER - INFO - 💹 LTP ✅ | MTM ✅ | Current: ₹-276.00 | Positions: 0 | Daily Max: ₹0.00 | Target: ₹100
2025-07-29 14:59:03,401 - ENHANCED_RUNNER - INFO - 💹 LTP ✅ | MTM ✅ | Current: ₹-276.00 | Positions: 0 | Daily Max: ₹0.00 | Target: ₹100
2025-07-29 14:59:04,413 - ENHANCED_RUNNER - INFO - ============================================================
2025-07-29 14:59:04,413 - ENHANCED_RUNNER - INFO - 📊 DETAILED SYSTEM STATUS
2025-07-29 14:59:04,413 - ENHANCED_RUNNER - INFO - ============================================================
2025-07-29 14:59:04,413 - ENHANCED_RUNNER - INFO - 🔧 Processes:
2025-07-29 14:59:04,413 - ENHANCED_RUNNER - INFO -    LTP Subscriber: ✅ Running (PID: 4526, Restarts: 0)
2025-07-29 14:59:04,413 - ENHANCED_RUNNER - INFO -    MTM Monitor: ✅ Running (PID: 4529, Restarts: 0)
2025-07-29 14:59:04,413 - ENHANCED_RUNNER - INFO - 💰 Trading Status:
2025-07-29 14:59:04,413 - ENHANCED_RUNNER - INFO -    Current MTM: ₹-276.00
2025-07-29 14:59:04,413 - ENHANCED_RUNNER - INFO -    Open Positions: 0
2025-07-29 14:59:04,414 - ENHANCED_RUNNER - INFO -    Daily Max MTM: ₹0.00
2025-07-29 14:59:04,414 - ENHANCED_RUNNER - INFO -    Daily Target: ₹100
2025-07-29 14:59:04,414 - ENHANCED_RUNNER - INFO -    Trading Discipline: ✅ INACTIVE (Trading allowed)
2025-07-29 14:59:04,414 - ENHANCED_RUNNER - INFO -    Today's Threshold Breaches: 0
2025-07-29 14:59:04,414 - ENHANCED_RUNNER - INFO -    Recent Square-offs: 5
2025-07-29 14:59:04,414 - ENHANCED_RUNNER - INFO - 💾 Database Status:
2025-07-29 14:59:04,414 - ENHANCED_RUNNER - INFO -    LTP DB: 0.0 MB (4 LTP records)
2025-07-29 14:59:04,414 - ENHANCED_RUNNER - INFO -    MTM DB: 0.1 MB (177 MTM records)
2025-07-29 14:59:04,414 - ENHANCED_RUNNER - INFO - ============================================================
2025-07-29 14:59:19,417 - ENHANCED_RUNNER - INFO - 💹 LTP ✅ | MTM ✅ | Current: ₹-276.00 | Positions: 0 | Daily Max: ₹0.00 | Target: ₹100
2025-07-29 14:59:34,421 - ENHANCED_RUNNER - INFO - 💹 LTP ✅ | MTM ✅ | Current: ₹-276.00 | Positions: 0 | Daily Max: ₹0.00 | Target: ₹100
2025-07-29 14:59:49,424 - ENHANCED_RUNNER - INFO - 💹 LTP ✅ | MTM ✅ | Current: ₹-276.00 | Positions: 0 | Daily Max: ₹0.00 | Target: ₹100
2025-07-29 15:00:04,427 - ENHANCED_RUNNER - INFO - 💹 LTP ✅ | MTM ✅ | Current: ₹-276.00 | Positions: 0 | Daily Max: ₹0.00 | Target: ₹100
2025-07-29 15:00:05,443 - ENHANCED_RUNNER - INFO - ============================================================
2025-07-29 15:00:05,443 - ENHANCED_RUNNER - INFO - 📊 DETAILED SYSTEM STATUS
2025-07-29 15:00:05,443 - ENHANCED_RUNNER - INFO - ============================================================
2025-07-29 15:00:05,443 - ENHANCED_RUNNER - INFO - 🔧 Processes:
2025-07-29 15:00:05,443 - ENHANCED_RUNNER - INFO -    LTP Subscriber: ✅ Running (PID: 4526, Restarts: 0)
2025-07-29 15:00:05,443 - ENHANCED_RUNNER - INFO -    MTM Monitor: ✅ Running (PID: 4529, Restarts: 0)
2025-07-29 15:00:05,443 - ENHANCED_RUNNER - INFO - 💰 Trading Status:
2025-07-29 15:00:05,443 - ENHANCED_RUNNER - INFO -    Current MTM: ₹-276.00
2025-07-29 15:00:05,444 - ENHANCED_RUNNER - INFO -    Open Positions: 0
2025-07-29 15:00:05,444 - ENHANCED_RUNNER - INFO -    Daily Max MTM: ₹0.00
2025-07-29 15:00:05,444 - ENHANCED_RUNNER - INFO -    Daily Target: ₹100
2025-07-29 15:00:05,444 - ENHANCED_RUNNER - INFO -    Trading Discipline: ✅ INACTIVE (Trading allowed)
2025-07-29 15:00:05,444 - ENHANCED_RUNNER - INFO -    Today's Threshold Breaches: 0
2025-07-29 15:00:05,444 - ENHANCED_RUNNER - INFO -    Recent Square-offs: 5
2025-07-29 15:00:05,444 - ENHANCED_RUNNER - INFO - 💾 Database Status:
2025-07-29 15:00:05,444 - ENHANCED_RUNNER - INFO -    LTP DB: 0.0 MB (4 LTP records)
2025-07-29 15:00:05,444 - ENHANCED_RUNNER - INFO -    MTM DB: 0.1 MB (196 MTM records)
2025-07-29 15:00:05,444 - ENHANCED_RUNNER - INFO - ============================================================
2025-07-29 15:00:18,405 - ENHANCED_RUNNER - INFO - Received signal 2, initiating enhanced shutdown...
2025-07-29 15:00:18,406 - ENHANCED_RUNNER - INFO - Stopping Enhanced Zerodha Trading System...
2025-07-29 15:00:18,406 - ENHANCED_RUNNER - INFO - Stopping Enhanced MTM Monitor...
2025-07-29 15:00:18,520 - ENHANCED_RUNNER - INFO - Enhanced MTM Monitor stopped gracefully
2025-07-29 15:00:18,520 - ENHANCED_RUNNER - INFO - Stopping Enhanced LTP Subscriber...
2025-07-29 15:00:18,527 - ENHANCED_RUNNER - INFO - Enhanced LTP Subscriber stopped gracefully
2025-07-29 15:00:18,527 - ENHANCED_RUNNER - INFO - Enhanced system stopped successfully
2025-07-29 15:00:18,527 - ENHANCED_RUNNER - INFO - Stopping Enhanced Zerodha Trading System...
2025-07-29 15:00:18,528 - ENHANCED_RUNNER - INFO - Enhanced system stopped successfully
2025-07-29 15:00:25,217 - ENHANCED_RUNNER - INFO - ================================================================================
2025-07-29 15:00:25,217 - ENHANCED_RUNNER - INFO - STARTING ENHANCED ZERODHA TRADING SYSTEM
2025-07-29 15:00:25,217 - ENHANCED_RUNNER - INFO - ================================================================================
2025-07-29 15:00:25,240 - ENHANCED_RUNNER - INFO - Enhanced Prerequisites Check:
2025-07-29 15:00:25,240 - ENHANCED_RUNNER - INFO -   config_file: ✅ PASS
2025-07-29 15:00:25,240 - ENHANCED_RUNNER - INFO -   ltp_script: ✅ PASS
2025-07-29 15:00:25,240 - ENHANCED_RUNNER - INFO -   mtm_script: ✅ PASS
2025-07-29 15:00:25,240 - ENHANCED_RUNNER - INFO -   access_token: ✅ PASS
2025-07-29 15:00:25,240 - ENHANCED_RUNNER - INFO -   python_packages: ✅ PASS
2025-07-29 15:00:25,240 - ENHANCED_RUNNER - INFO -   ltp_database_writable: ✅ PASS
2025-07-29 15:00:25,240 - ENHANCED_RUNNER - INFO -   mtm_database_writable: ✅ PASS
2025-07-29 15:00:25,240 - ENHANCED_RUNNER - INFO -   disk_space: ✅ PASS
2025-07-29 15:00:25,240 - ENHANCED_RUNNER - INFO - Starting Enhanced LTP Subscriber...
2025-07-29 15:00:28,241 - ENHANCED_RUNNER - INFO - Enhanced LTP Subscriber started successfully (PID: 4577)
2025-07-29 15:00:28,241 - ENHANCED_RUNNER - INFO - Waiting for Enhanced LTP subscriber to initialize...
2025-07-29 15:00:38,241 - ENHANCED_RUNNER - INFO - Starting Enhanced MTM Monitor...
2025-07-29 15:00:41,242 - ENHANCED_RUNNER - INFO - Enhanced MTM Monitor started successfully (PID: 4580)
2025-07-29 15:00:41,242 - ENHANCED_RUNNER - INFO - ================================================================================
2025-07-29 15:00:41,242 - ENHANCED_RUNNER - INFO - ENHANCED ZERODHA TRADING SYSTEM STARTED SUCCESSFULLY
2025-07-29 15:00:41,242 - ENHANCED_RUNNER - INFO - ================================================================================
2025-07-29 15:00:41,242 - ENHANCED_RUNNER - INFO - 🔧 Enhanced Features Active:
2025-07-29 15:00:41,242 - ENHANCED_RUNNER - INFO -    ✅ 3-second monitoring intervals
2025-07-29 15:00:41,242 - ENHANCED_RUNNER - INFO -    ✅ Prioritized square-off (SELL first)
2025-07-29 15:00:41,242 - ENHANCED_RUNNER - INFO -    ✅ Order verification & retry
2025-07-29 15:00:41,242 - ENHANCED_RUNNER - INFO -    ✅ Separate databases
2025-07-29 15:00:41,242 - ENHANCED_RUNNER - INFO -    ✅ Stale LTP refresh
2025-07-29 15:00:41,242 - ENHANCED_RUNNER - INFO -    ✅ Post square-off verification
2025-07-29 15:00:41,242 - ENHANCED_RUNNER - INFO - ================================================================================
2025-07-29 15:00:41,242 - ENHANCED_RUNNER - INFO - Enhanced system monitoring started. Press Ctrl+C to stop.
2025-07-29 15:00:41,242 - ENHANCED_RUNNER - INFO - Enhanced system monitoring started:
2025-07-29 15:00:41,243 - ENHANCED_RUNNER - INFO -   • Process health checks: every 3s
2025-07-29 15:00:41,243 - ENHANCED_RUNNER - INFO -   • Quick MTM status: every 5s
2025-07-29 15:00:41,243 - ENHANCED_RUNNER - INFO -   • Detailed status: every 20s
2025-07-29 15:00:44,257 - ENHANCED_RUNNER - INFO - 💹 LTP ✅ | MTM ✅ | Current: ₹-6774.00 | Positions: 1 | Daily Max: ₹0.00 | Target: ₹100
2025-07-29 15:00:45,271 - ENHANCED_RUNNER - INFO - ============================================================
2025-07-29 15:00:45,271 - ENHANCED_RUNNER - INFO - 📊 DETAILED SYSTEM STATUS
2025-07-29 15:00:45,271 - ENHANCED_RUNNER - INFO - ============================================================
2025-07-29 15:00:45,271 - ENHANCED_RUNNER - INFO - 🔧 Processes:
2025-07-29 15:00:45,271 - ENHANCED_RUNNER - INFO -    LTP Subscriber: ✅ Running (PID: 4577, Restarts: 0)
2025-07-29 15:00:45,271 - ENHANCED_RUNNER - INFO -    MTM Monitor: ✅ Running (PID: 4580, Restarts: 0)
2025-07-29 15:00:45,271 - ENHANCED_RUNNER - INFO - 💰 Trading Status:
2025-07-29 15:00:45,271 - ENHANCED_RUNNER - INFO -    Current MTM: ₹-6774.00
2025-07-29 15:00:45,271 - ENHANCED_RUNNER - INFO -    Open Positions: 1
2025-07-29 15:00:45,272 - ENHANCED_RUNNER - INFO -    Daily Max MTM: ₹0.00
2025-07-29 15:00:45,272 - ENHANCED_RUNNER - INFO -    Daily Target: ₹100
2025-07-29 15:00:45,272 - ENHANCED_RUNNER - INFO -    Trading Discipline: ✅ INACTIVE (Trading allowed)
2025-07-29 15:00:45,272 - ENHANCED_RUNNER - INFO -    Today's Threshold Breaches: 0
2025-07-29 15:00:45,272 - ENHANCED_RUNNER - INFO -    Recent Square-offs: 5
2025-07-29 15:00:45,272 - ENHANCED_RUNNER - INFO - 💾 Database Status:
2025-07-29 15:00:45,272 - ENHANCED_RUNNER - INFO -    LTP DB: 0.0 MB (4 LTP records)
2025-07-29 15:00:45,272 - ENHANCED_RUNNER - INFO -    MTM DB: 0.1 MB (202 MTM records)
2025-07-29 15:00:45,272 - ENHANCED_RUNNER - INFO - ============================================================
2025-07-29 15:00:51,274 - ENHANCED_RUNNER - INFO - 💹 LTP ✅ | MTM ✅ | Current: ₹-6774.00 | Positions: 1 | Daily Max: ₹0.00 | Target: ₹100
2025-07-29 15:00:57,276 - ENHANCED_RUNNER - INFO - 💹 LTP ✅ | MTM ✅ | Current: ₹-6774.00 | Positions: 1 | Daily Max: ₹0.00 | Target: ₹100
2025-07-29 15:01:03,279 - ENHANCED_RUNNER - INFO - 💹 LTP ✅ | MTM ✅ | Current: ₹-8614.00 | Positions: 1 | Daily Max: ₹0.00 | Target: ₹100
2025-07-29 15:01:07,291 - ENHANCED_RUNNER - INFO - ============================================================
2025-07-29 15:01:07,291 - ENHANCED_RUNNER - INFO - 📊 DETAILED SYSTEM STATUS
2025-07-29 15:01:07,291 - ENHANCED_RUNNER - INFO - ============================================================
2025-07-29 15:01:07,291 - ENHANCED_RUNNER - INFO - 🔧 Processes:
2025-07-29 15:01:07,291 - ENHANCED_RUNNER - INFO -    LTP Subscriber: ✅ Running (PID: 4577, Restarts: 0)
2025-07-29 15:01:07,291 - ENHANCED_RUNNER - INFO -    MTM Monitor: ✅ Running (PID: 4580, Restarts: 0)
2025-07-29 15:01:07,292 - ENHANCED_RUNNER - INFO - 💰 Trading Status:
2025-07-29 15:01:07,292 - ENHANCED_RUNNER - INFO -    Current MTM: ₹-8614.00
2025-07-29 15:01:07,292 - ENHANCED_RUNNER - INFO -    Open Positions: 1
2025-07-29 15:01:07,292 - ENHANCED_RUNNER - INFO -    Daily Max MTM: ₹0.00
2025-07-29 15:01:07,292 - ENHANCED_RUNNER - INFO -    Daily Target: ₹100
2025-07-29 15:01:07,292 - ENHANCED_RUNNER - INFO -    Trading Discipline: ✅ INACTIVE (Trading allowed)
2025-07-29 15:01:07,292 - ENHANCED_RUNNER - INFO -    Today's Threshold Breaches: 0
2025-07-29 15:01:07,292 - ENHANCED_RUNNER - INFO -    Recent Square-offs: 5
2025-07-29 15:01:07,292 - ENHANCED_RUNNER - INFO - 💾 Database Status:
2025-07-29 15:01:07,292 - ENHANCED_RUNNER - INFO -    LTP DB: 0.0 MB (4 LTP records)
2025-07-29 15:01:07,292 - ENHANCED_RUNNER - INFO -    MTM DB: 0.1 MB (203 MTM records)
2025-07-29 15:01:07,292 - ENHANCED_RUNNER - INFO - ============================================================
2025-07-29 15:01:10,294 - ENHANCED_RUNNER - INFO - 💹 LTP ✅ | MTM ✅ | Current: ₹-8614.00 | Positions: 1 | Daily Max: ₹0.00 | Target: ₹100
2025-07-29 15:01:16,296 - ENHANCED_RUNNER - INFO - 💹 LTP ✅ | MTM ✅ | Current: ₹-8614.00 | Positions: 1 | Daily Max: ₹0.00 | Target: ₹100
2025-07-29 15:01:22,299 - ENHANCED_RUNNER - INFO - 💹 LTP ✅ | MTM ✅ | Current: ₹-8614.00 | Positions: 1 | Daily Max: ₹0.00 | Target: ₹100
2025-07-29 15:01:28,301 - ENHANCED_RUNNER - INFO - 💹 LTP ✅ | MTM ✅ | Current: ₹-2215.00 | Positions: 1 | Daily Max: ₹0.00 | Target: ₹100
2025-07-29 15:01:29,315 - ENHANCED_RUNNER - INFO - ============================================================
2025-07-29 15:01:29,315 - ENHANCED_RUNNER - INFO - 📊 DETAILED SYSTEM STATUS
2025-07-29 15:01:29,315 - ENHANCED_RUNNER - INFO - ============================================================
2025-07-29 15:01:29,315 - ENHANCED_RUNNER - INFO - 🔧 Processes:
2025-07-29 15:01:29,315 - ENHANCED_RUNNER - INFO -    LTP Subscriber: ✅ Running (PID: 4577, Restarts: 0)
2025-07-29 15:01:29,315 - ENHANCED_RUNNER - INFO -    MTM Monitor: ✅ Running (PID: 4580, Restarts: 0)
2025-07-29 15:01:29,316 - ENHANCED_RUNNER - INFO - 💰 Trading Status:
2025-07-29 15:01:29,316 - ENHANCED_RUNNER - INFO -    Current MTM: ₹-2215.00
2025-07-29 15:01:29,316 - ENHANCED_RUNNER - INFO -    Open Positions: 1
2025-07-29 15:01:29,316 - ENHANCED_RUNNER - INFO -    Daily Max MTM: ₹0.00
2025-07-29 15:01:29,316 - ENHANCED_RUNNER - INFO -    Daily Target: ₹100
2025-07-29 15:01:29,316 - ENHANCED_RUNNER - INFO -    Trading Discipline: ✅ INACTIVE (Trading allowed)
2025-07-29 15:01:29,316 - ENHANCED_RUNNER - INFO -    Today's Threshold Breaches: 0
2025-07-29 15:01:29,316 - ENHANCED_RUNNER - INFO -    Recent Square-offs: 5
2025-07-29 15:01:29,316 - ENHANCED_RUNNER - INFO - 💾 Database Status:
2025-07-29 15:01:29,316 - ENHANCED_RUNNER - INFO -    LTP DB: 0.0 MB (4 LTP records)
2025-07-29 15:01:29,316 - ENHANCED_RUNNER - INFO -    MTM DB: 0.1 MB (204 MTM records)
2025-07-29 15:01:29,316 - ENHANCED_RUNNER - INFO - ============================================================
2025-07-29 15:01:35,319 - ENHANCED_RUNNER - INFO - 💹 LTP ✅ | MTM ✅ | Current: ₹-2215.00 | Positions: 1 | Daily Max: ₹0.00 | Target: ₹100
2025-07-29 15:01:41,321 - ENHANCED_RUNNER - INFO - 💹 LTP ✅ | MTM ✅ | Current: ₹-2215.00 | Positions: 1 | Daily Max: ₹0.00 | Target: ₹100
2025-07-29 15:01:47,323 - ENHANCED_RUNNER - INFO - 💹 LTP ✅ | MTM ✅ | Current: ₹-397.00 | Positions: 1 | Daily Max: ₹0.00 | Target: ₹100
2025-07-29 15:01:51,335 - ENHANCED_RUNNER - INFO - ============================================================
2025-07-29 15:01:51,335 - ENHANCED_RUNNER - INFO - 📊 DETAILED SYSTEM STATUS
2025-07-29 15:01:51,335 - ENHANCED_RUNNER - INFO - ============================================================
2025-07-29 15:01:51,335 - ENHANCED_RUNNER - INFO - 🔧 Processes:
2025-07-29 15:01:51,335 - ENHANCED_RUNNER - INFO -    LTP Subscriber: ✅ Running (PID: 4577, Restarts: 0)
2025-07-29 15:01:51,335 - ENHANCED_RUNNER - INFO -    MTM Monitor: ✅ Running (PID: 4580, Restarts: 0)
2025-07-29 15:01:51,335 - ENHANCED_RUNNER - INFO - 💰 Trading Status:
2025-07-29 15:01:51,335 - ENHANCED_RUNNER - INFO -    Current MTM: ₹-397.00
2025-07-29 15:01:51,335 - ENHANCED_RUNNER - INFO -    Open Positions: 1
2025-07-29 15:01:51,336 - ENHANCED_RUNNER - INFO -    Daily Max MTM: ₹0.00
2025-07-29 15:01:51,336 - ENHANCED_RUNNER - INFO -    Daily Target: ₹100
2025-07-29 15:01:51,336 - ENHANCED_RUNNER - INFO -    Trading Discipline: ✅ INACTIVE (Trading allowed)
2025-07-29 15:01:51,336 - ENHANCED_RUNNER - INFO -    Today's Threshold Breaches: 0
2025-07-29 15:01:51,336 - ENHANCED_RUNNER - INFO -    Recent Square-offs: 5
2025-07-29 15:01:51,336 - ENHANCED_RUNNER - INFO - 💾 Database Status:
2025-07-29 15:01:51,336 - ENHANCED_RUNNER - INFO -    LTP DB: 0.0 MB (4 LTP records)
2025-07-29 15:01:51,336 - ENHANCED_RUNNER - INFO -    MTM DB: 0.1 MB (205 MTM records)
2025-07-29 15:01:51,336 - ENHANCED_RUNNER - INFO - ============================================================
2025-07-29 15:01:54,338 - ENHANCED_RUNNER - INFO - 💹 LTP ✅ | MTM ✅ | Current: ₹-397.00 | Positions: 1 | Daily Max: ₹0.00 | Target: ₹100
2025-07-29 15:02:00,340 - ENHANCED_RUNNER - INFO - 💹 LTP ✅ | MTM ✅ | Current: ₹-397.00 | Positions: 1 | Daily Max: ₹0.00 | Target: ₹100
2025-07-29 15:02:06,342 - ENHANCED_RUNNER - INFO - 💹 LTP ✅ | MTM ✅ | Current: ₹-397.00 | Positions: 1 | Daily Max: ₹0.00 | Target: ₹100
2025-07-29 15:02:12,344 - ENHANCED_RUNNER - INFO - 💹 LTP ✅ | MTM ✅ | Current: ₹143.00 | Positions: 0 | Daily Max: ₹143.00 | 🚫 DISCIPLINE ACTIVE
2025-07-29 15:02:13,356 - ENHANCED_RUNNER - INFO - ============================================================
2025-07-29 15:02:13,356 - ENHANCED_RUNNER - INFO - 📊 DETAILED SYSTEM STATUS
2025-07-29 15:02:13,356 - ENHANCED_RUNNER - INFO - ============================================================
2025-07-29 15:02:13,356 - ENHANCED_RUNNER - INFO - 🔧 Processes:
2025-07-29 15:02:13,356 - ENHANCED_RUNNER - INFO -    LTP Subscriber: ✅ Running (PID: 4577, Restarts: 0)
2025-07-29 15:02:13,356 - ENHANCED_RUNNER - INFO -    MTM Monitor: ✅ Running (PID: 4580, Restarts: 0)
2025-07-29 15:02:13,356 - ENHANCED_RUNNER - INFO - 💰 Trading Status:
2025-07-29 15:02:13,356 - ENHANCED_RUNNER - INFO -    Current MTM: ₹143.00
2025-07-29 15:02:13,356 - ENHANCED_RUNNER - INFO -    Open Positions: 0
2025-07-29 15:02:13,357 - ENHANCED_RUNNER - INFO -    Daily Max MTM: ₹143.00
2025-07-29 15:02:13,357 - ENHANCED_RUNNER - INFO -    Daily Target: ₹100
2025-07-29 15:02:13,357 - ENHANCED_RUNNER - INFO -    Trading Discipline: 🚫 ACTIVE (No new positions)
2025-07-29 15:02:13,357 - ENHANCED_RUNNER - INFO -    Today's Threshold Breaches: 0
2025-07-29 15:02:13,357 - ENHANCED_RUNNER - INFO -    Recent Square-offs: 5
2025-07-29 15:02:13,357 - ENHANCED_RUNNER - INFO - 💾 Database Status:
2025-07-29 15:02:13,357 - ENHANCED_RUNNER - INFO -    LTP DB: 0.0 MB (4 LTP records)
2025-07-29 15:02:13,357 - ENHANCED_RUNNER - INFO -    MTM DB: 0.1 MB (207 MTM records)
2025-07-29 15:02:13,357 - ENHANCED_RUNNER - INFO - ============================================================
2025-07-29 15:02:19,359 - ENHANCED_RUNNER - INFO - 💹 LTP ✅ | MTM ✅ | Current: ₹143.00 | Positions: 0 | Daily Max: ₹143.00 | 🚫 DISCIPLINE ACTIVE
2025-07-29 15:02:25,361 - ENHANCED_RUNNER - INFO - 💹 LTP ✅ | MTM ✅ | Current: ₹143.00 | Positions: 0 | Daily Max: ₹143.00 | 🚫 DISCIPLINE ACTIVE
2025-07-29 15:02:31,363 - ENHANCED_RUNNER - INFO - 💹 LTP ✅ | MTM ✅ | Current: ₹143.00 | Positions: 0 | Daily Max: ₹143.00 | 🚫 DISCIPLINE ACTIVE
2025-07-29 15:02:35,375 - ENHANCED_RUNNER - INFO - ============================================================
2025-07-29 15:02:35,375 - ENHANCED_RUNNER - INFO - 📊 DETAILED SYSTEM STATUS
2025-07-29 15:02:35,375 - ENHANCED_RUNNER - INFO - ============================================================
2025-07-29 15:02:35,375 - ENHANCED_RUNNER - INFO - 🔧 Processes:
2025-07-29 15:02:35,375 - ENHANCED_RUNNER - INFO -    LTP Subscriber: ✅ Running (PID: 4577, Restarts: 0)
2025-07-29 15:02:35,375 - ENHANCED_RUNNER - INFO -    MTM Monitor: ✅ Running (PID: 4580, Restarts: 0)
2025-07-29 15:02:35,375 - ENHANCED_RUNNER - INFO - 💰 Trading Status:
2025-07-29 15:02:35,375 - ENHANCED_RUNNER - INFO -    Current MTM: ₹-525.00
2025-07-29 15:02:35,375 - ENHANCED_RUNNER - INFO -    Open Positions: 1
2025-07-29 15:02:35,376 - ENHANCED_RUNNER - INFO -    Daily Max MTM: ₹143.00
2025-07-29 15:02:35,376 - ENHANCED_RUNNER - INFO -    Daily Target: ₹100
2025-07-29 15:02:35,376 - ENHANCED_RUNNER - INFO -    Trading Discipline: 🚫 ACTIVE (No new positions)
2025-07-29 15:02:35,376 - ENHANCED_RUNNER - INFO -    Today's Threshold Breaches: 0
2025-07-29 15:02:35,376 - ENHANCED_RUNNER - INFO -    Recent Square-offs: 5
2025-07-29 15:02:35,376 - ENHANCED_RUNNER - INFO - 💾 Database Status:
2025-07-29 15:02:35,376 - ENHANCED_RUNNER - INFO -    LTP DB: 0.0 MB (4 LTP records)
2025-07-29 15:02:35,376 - ENHANCED_RUNNER - INFO -    MTM DB: 0.1 MB (213 MTM records)
2025-07-29 15:02:35,376 - ENHANCED_RUNNER - INFO - ============================================================
2025-07-29 15:02:38,378 - ENHANCED_RUNNER - INFO - 💹 LTP ✅ | MTM ✅ | Current: ₹-525.00 | Positions: 1 | Daily Max: ₹143.00 | 🚫 DISCIPLINE ACTIVE
2025-07-29 15:02:44,380 - ENHANCED_RUNNER - INFO - 💹 LTP ✅ | MTM ✅ | Current: ₹-525.00 | Positions: 1 | Daily Max: ₹143.00 | 🚫 DISCIPLINE ACTIVE
2025-07-29 15:02:50,382 - ENHANCED_RUNNER - INFO - 💹 LTP ✅ | MTM ✅ | Current: ₹-525.00 | Positions: 1 | Daily Max: ₹143.00 | 🚫 DISCIPLINE ACTIVE
2025-07-29 15:02:56,384 - ENHANCED_RUNNER - INFO - 💹 LTP ✅ | MTM ✅ | Current: ₹-1120.00 | Positions: 1 | Daily Max: ₹143.00 | 🚫 DISCIPLINE ACTIVE
2025-07-29 15:02:57,397 - ENHANCED_RUNNER - INFO - ============================================================
2025-07-29 15:02:57,397 - ENHANCED_RUNNER - INFO - 📊 DETAILED SYSTEM STATUS
2025-07-29 15:02:57,397 - ENHANCED_RUNNER - INFO - ============================================================
2025-07-29 15:02:57,397 - ENHANCED_RUNNER - INFO - 🔧 Processes:
2025-07-29 15:02:57,397 - ENHANCED_RUNNER - INFO -    LTP Subscriber: ✅ Running (PID: 4577, Restarts: 0)
2025-07-29 15:02:57,397 - ENHANCED_RUNNER - INFO -    MTM Monitor: ✅ Running (PID: 4580, Restarts: 0)
2025-07-29 15:02:57,397 - ENHANCED_RUNNER - INFO - 💰 Trading Status:
2025-07-29 15:02:57,397 - ENHANCED_RUNNER - INFO -    Current MTM: ₹-1120.00
2025-07-29 15:02:57,397 - ENHANCED_RUNNER - INFO -    Open Positions: 1
2025-07-29 15:02:57,398 - ENHANCED_RUNNER - INFO -    Daily Max MTM: ₹143.00
2025-07-29 15:02:57,398 - ENHANCED_RUNNER - INFO -    Daily Target: ₹100
2025-07-29 15:02:57,398 - ENHANCED_RUNNER - INFO -    Trading Discipline: 🚫 ACTIVE (No new positions)
2025-07-29 15:02:57,398 - ENHANCED_RUNNER - INFO -    Today's Threshold Breaches: 0
2025-07-29 15:02:57,398 - ENHANCED_RUNNER - INFO -    Recent Square-offs: 5
2025-07-29 15:02:57,398 - ENHANCED_RUNNER - INFO - 💾 Database Status:
2025-07-29 15:02:57,398 - ENHANCED_RUNNER - INFO -    LTP DB: 0.0 MB (4 LTP records)
2025-07-29 15:02:57,398 - ENHANCED_RUNNER - INFO -    MTM DB: 0.1 MB (214 MTM records)
2025-07-29 15:02:57,398 - ENHANCED_RUNNER - INFO - ============================================================
2025-07-29 15:03:03,400 - ENHANCED_RUNNER - INFO - 💹 LTP ✅ | MTM ✅ | Current: ₹-1120.00 | Positions: 1 | Daily Max: ₹143.00 | 🚫 DISCIPLINE ACTIVE
2025-07-29 15:03:09,402 - ENHANCED_RUNNER - INFO - 💹 LTP ✅ | MTM ✅ | Current: ₹-1120.00 | Positions: 1 | Daily Max: ₹143.00 | 🚫 DISCIPLINE ACTIVE
2025-07-29 15:03:15,404 - ENHANCED_RUNNER - INFO - 💹 LTP ✅ | MTM ✅ | Current: ₹-1120.00 | Positions: 1 | Daily Max: ₹143.00 | 🚫 DISCIPLINE ACTIVE
2025-07-29 15:03:19,419 - ENHANCED_RUNNER - INFO - ============================================================
2025-07-29 15:03:19,419 - ENHANCED_RUNNER - INFO - 📊 DETAILED SYSTEM STATUS
2025-07-29 15:03:19,419 - ENHANCED_RUNNER - INFO - ============================================================
2025-07-29 15:03:19,419 - ENHANCED_RUNNER - INFO - 🔧 Processes:
2025-07-29 15:03:19,419 - ENHANCED_RUNNER - INFO -    LTP Subscriber: ✅ Running (PID: 4577, Restarts: 0)
2025-07-29 15:03:19,420 - ENHANCED_RUNNER - INFO -    MTM Monitor: ✅ Running (PID: 4580, Restarts: 0)
2025-07-29 15:03:19,420 - ENHANCED_RUNNER - INFO - 💰 Trading Status:
2025-07-29 15:03:19,420 - ENHANCED_RUNNER - INFO -    Current MTM: ₹-1120.00
2025-07-29 15:03:19,420 - ENHANCED_RUNNER - INFO -    Open Positions: 1
2025-07-29 15:03:19,420 - ENHANCED_RUNNER - INFO -    Daily Max MTM: ₹143.00
2025-07-29 15:03:19,420 - ENHANCED_RUNNER - INFO -    Daily Target: ₹100
2025-07-29 15:03:19,420 - ENHANCED_RUNNER - INFO -    Trading Discipline: 🚫 ACTIVE (No new positions)
2025-07-29 15:03:19,420 - ENHANCED_RUNNER - INFO -    Today's Threshold Breaches: 0
2025-07-29 15:03:19,420 - ENHANCED_RUNNER - INFO -    Recent Square-offs: 5
2025-07-29 15:03:19,420 - ENHANCED_RUNNER - INFO - 💾 Database Status:
2025-07-29 15:03:19,420 - ENHANCED_RUNNER - INFO -    LTP DB: 0.0 MB (4 LTP records)
2025-07-29 15:03:19,420 - ENHANCED_RUNNER - INFO -    MTM DB: 0.1 MB (214 MTM records)
2025-07-29 15:03:19,421 - ENHANCED_RUNNER - INFO - ============================================================
2025-07-29 15:03:22,422 - ENHANCED_RUNNER - INFO - 💹 LTP ✅ | MTM ✅ | Current: ₹-2481.00 | Positions: 1 | Daily Max: ₹143.00 | 🚫 DISCIPLINE ACTIVE
2025-07-29 15:03:28,424 - ENHANCED_RUNNER - INFO - 💹 LTP ✅ | MTM ✅ | Current: ₹-2481.00 | Positions: 1 | Daily Max: ₹143.00 | 🚫 DISCIPLINE ACTIVE
2025-07-29 15:03:34,427 - ENHANCED_RUNNER - INFO - 💹 LTP ✅ | MTM ✅ | Current: ₹-2481.00 | Positions: 1 | Daily Max: ₹143.00 | 🚫 DISCIPLINE ACTIVE
2025-07-29 15:03:40,429 - ENHANCED_RUNNER - INFO - 💹 LTP ✅ | MTM ✅ | Current: ₹-2481.00 | Positions: 1 | Daily Max: ₹143.00 | 🚫 DISCIPLINE ACTIVE
2025-07-29 15:03:41,439 - ENHANCED_RUNNER - INFO - ============================================================
2025-07-29 15:03:41,439 - ENHANCED_RUNNER - INFO - 📊 DETAILED SYSTEM STATUS
2025-07-29 15:03:41,439 - ENHANCED_RUNNER - INFO - ============================================================
2025-07-29 15:03:41,439 - ENHANCED_RUNNER - INFO - 🔧 Processes:
2025-07-29 15:03:41,439 - ENHANCED_RUNNER - INFO -    LTP Subscriber: ✅ Running (PID: 4577, Restarts: 0)
2025-07-29 15:03:41,439 - ENHANCED_RUNNER - INFO -    MTM Monitor: ✅ Running (PID: 4580, Restarts: 0)
2025-07-29 15:03:41,439 - ENHANCED_RUNNER - INFO - 💰 Trading Status:
2025-07-29 15:03:41,439 - ENHANCED_RUNNER - INFO -    Current MTM: ₹-2481.00
2025-07-29 15:03:41,439 - ENHANCED_RUNNER - INFO -    Open Positions: 1
2025-07-29 15:03:41,440 - ENHANCED_RUNNER - INFO -    Daily Max MTM: ₹143.00
2025-07-29 15:03:41,440 - ENHANCED_RUNNER - INFO -    Daily Target: ₹100
2025-07-29 15:03:41,440 - ENHANCED_RUNNER - INFO -    Trading Discipline: 🚫 ACTIVE (No new positions)
2025-07-29 15:03:41,440 - ENHANCED_RUNNER - INFO -    Today's Threshold Breaches: 0
2025-07-29 15:03:41,440 - ENHANCED_RUNNER - INFO -    Recent Square-offs: 5
2025-07-29 15:03:41,440 - ENHANCED_RUNNER - INFO - 💾 Database Status:
2025-07-29 15:03:41,440 - ENHANCED_RUNNER - INFO -    LTP DB: 0.0 MB (4 LTP records)
2025-07-29 15:03:41,440 - ENHANCED_RUNNER - INFO -    MTM DB: 0.1 MB (215 MTM records)
2025-07-29 15:03:41,440 - ENHANCED_RUNNER - INFO - ============================================================
2025-07-29 15:03:47,442 - ENHANCED_RUNNER - INFO - 💹 LTP ✅ | MTM ✅ | Current: ₹-295.00 | Positions: 1 | Daily Max: ₹143.00 | 🚫 DISCIPLINE ACTIVE
2025-07-29 15:03:53,444 - ENHANCED_RUNNER - INFO - 💹 LTP ✅ | MTM ✅ | Current: ₹-295.00 | Positions: 1 | Daily Max: ₹143.00 | 🚫 DISCIPLINE ACTIVE
2025-07-29 15:03:57,924 - ENHANCED_RUNNER - INFO - Received signal 2, initiating enhanced shutdown...
2025-07-29 15:03:57,924 - ENHANCED_RUNNER - INFO - Stopping Enhanced Zerodha Trading System...
2025-07-29 15:03:57,924 - ENHANCED_RUNNER - INFO - Stopping Enhanced MTM Monitor...
2025-07-29 15:03:58,328 - ENHANCED_RUNNER - INFO - Received signal 2, initiating enhanced shutdown...
2025-07-29 15:03:58,328 - ENHANCED_RUNNER - INFO - Stopping Enhanced Zerodha Trading System...
2025-07-29 15:03:58,328 - ENHANCED_RUNNER - INFO - Stopping Enhanced MTM Monitor...
2025-07-29 15:04:13,329 - ENHANCED_RUNNER - WARNING - Enhanced MTM Monitor did not stop gracefully, forcing termination...
2025-07-29 15:04:13,332 - ENHANCED_RUNNER - INFO - Enhanced system stopped successfully
2025-07-29 15:04:13,333 - ENHANCED_RUNNER - INFO - Stopping Enhanced Zerodha Trading System...
2025-07-29 15:04:13,333 - ENHANCED_RUNNER - INFO - Enhanced system stopped successfully
2025-07-29 15:07:30,423 - ENHANCED_RUNNER - INFO - ================================================================================
2025-07-29 15:07:30,423 - ENHANCED_RUNNER - INFO - STARTING ENHANCED ZERODHA TRADING SYSTEM
2025-07-29 15:07:30,423 - ENHANCED_RUNNER - INFO - ================================================================================
2025-07-29 15:07:30,445 - ENHANCED_RUNNER - INFO - Enhanced Prerequisites Check:
2025-07-29 15:07:30,445 - ENHANCED_RUNNER - INFO -   config_file: ✅ PASS
2025-07-29 15:07:30,445 - ENHANCED_RUNNER - INFO -   ltp_script: ✅ PASS
2025-07-29 15:07:30,445 - ENHANCED_RUNNER - INFO -   mtm_script: ✅ PASS
2025-07-29 15:07:30,446 - ENHANCED_RUNNER - INFO -   access_token: ✅ PASS
2025-07-29 15:07:30,446 - ENHANCED_RUNNER - INFO -   python_packages: ✅ PASS
2025-07-29 15:07:30,446 - ENHANCED_RUNNER - INFO -   ltp_database_writable: ✅ PASS
2025-07-29 15:07:30,446 - ENHANCED_RUNNER - INFO -   mtm_database_writable: ✅ PASS
2025-07-29 15:07:30,446 - ENHANCED_RUNNER - INFO -   disk_space: ✅ PASS
2025-07-29 15:07:30,446 - ENHANCED_RUNNER - INFO - Starting Enhanced LTP Subscriber...
2025-07-29 15:07:33,446 - ENHANCED_RUNNER - INFO - Enhanced LTP Subscriber started successfully (PID: 4608)
2025-07-29 15:07:33,447 - ENHANCED_RUNNER - INFO - Waiting for Enhanced LTP subscriber to initialize...
2025-07-29 15:07:43,447 - ENHANCED_RUNNER - INFO - Starting Enhanced MTM Monitor...
2025-07-29 15:07:46,448 - ENHANCED_RUNNER - INFO - Enhanced MTM Monitor started successfully (PID: 4611)
2025-07-29 15:07:46,448 - ENHANCED_RUNNER - INFO - ================================================================================
2025-07-29 15:07:46,448 - ENHANCED_RUNNER - INFO - ENHANCED ZERODHA TRADING SYSTEM STARTED SUCCESSFULLY
2025-07-29 15:07:46,448 - ENHANCED_RUNNER - INFO - ================================================================================
2025-07-29 15:07:46,448 - ENHANCED_RUNNER - INFO - 🔧 Enhanced Features Active:
2025-07-29 15:07:46,448 - ENHANCED_RUNNER - INFO -    ✅ 3-second monitoring intervals
2025-07-29 15:07:46,448 - ENHANCED_RUNNER - INFO -    ✅ Prioritized square-off (SELL first)
2025-07-29 15:07:46,448 - ENHANCED_RUNNER - INFO -    ✅ Order verification & retry
2025-07-29 15:07:46,448 - ENHANCED_RUNNER - INFO -    ✅ Separate databases
2025-07-29 15:07:46,448 - ENHANCED_RUNNER - INFO -    ✅ Stale LTP refresh
2025-07-29 15:07:46,448 - ENHANCED_RUNNER - INFO -    ✅ Post square-off verification
2025-07-29 15:07:46,448 - ENHANCED_RUNNER - INFO - ================================================================================
2025-07-29 15:07:46,448 - ENHANCED_RUNNER - INFO - Enhanced system monitoring started. Press Ctrl+C to stop.
2025-07-29 15:07:46,448 - ENHANCED_RUNNER - INFO - Enhanced system monitoring started:
2025-07-29 15:07:46,448 - ENHANCED_RUNNER - INFO -   • Process health checks: every 3s
2025-07-29 15:07:46,448 - ENHANCED_RUNNER - INFO -   • Quick MTM status: every 5s
2025-07-29 15:07:46,448 - ENHANCED_RUNNER - INFO -   • Detailed status: every 20s
2025-07-29 15:07:49,462 - ENHANCED_RUNNER - INFO - 💹 LTP ✅ | MTM ✅ | Current: ₹118.00 | Positions: 1 | Daily Max: ₹118.00 | 🚫 DISCIPLINE ACTIVE
2025-07-29 15:07:50,479 - ENHANCED_RUNNER - INFO - ============================================================
2025-07-29 15:07:50,479 - ENHANCED_RUNNER - INFO - 📊 DETAILED SYSTEM STATUS
2025-07-29 15:07:50,479 - ENHANCED_RUNNER - INFO - ============================================================
2025-07-29 15:07:50,479 - ENHANCED_RUNNER - INFO - 🔧 Processes:
2025-07-29 15:07:50,479 - ENHANCED_RUNNER - INFO -    LTP Subscriber: ✅ Running (PID: 4608, Restarts: 0)
2025-07-29 15:07:50,479 - ENHANCED_RUNNER - INFO -    MTM Monitor: ✅ Running (PID: 4611, Restarts: 0)
2025-07-29 15:07:50,479 - ENHANCED_RUNNER - INFO - 💰 Trading Status:
2025-07-29 15:07:50,479 - ENHANCED_RUNNER - INFO -    Current MTM: ₹118.00
2025-07-29 15:07:50,480 - ENHANCED_RUNNER - INFO -    Open Positions: 1
2025-07-29 15:07:50,480 - ENHANCED_RUNNER - INFO -    Daily Max MTM: ₹118.00
2025-07-29 15:07:50,480 - ENHANCED_RUNNER - INFO -    Daily Target: ₹100
2025-07-29 15:07:50,480 - ENHANCED_RUNNER - INFO -    Trading Discipline: 🚫 ACTIVE (No new positions)
2025-07-29 15:07:50,480 - ENHANCED_RUNNER - INFO -    Today's Threshold Breaches: 0
2025-07-29 15:07:50,480 - ENHANCED_RUNNER - INFO -    Recent Square-offs: 5
2025-07-29 15:07:50,480 - ENHANCED_RUNNER - INFO - 💾 Database Status:
2025-07-29 15:07:50,480 - ENHANCED_RUNNER - INFO -    LTP DB: 0.0 MB (4 LTP records)
2025-07-29 15:07:50,481 - ENHANCED_RUNNER - INFO -    MTM DB: 0.1 MB (217 MTM records)
2025-07-29 15:07:50,481 - ENHANCED_RUNNER - INFO - ============================================================
2025-07-29 15:07:56,483 - ENHANCED_RUNNER - INFO - 💹 LTP ✅ | MTM ✅ | Current: ₹118.00 | Positions: 1 | Daily Max: ₹118.00 | 🚫 DISCIPLINE ACTIVE
2025-07-29 15:08:02,485 - ENHANCED_RUNNER - INFO - 💹 LTP ✅ | MTM ✅ | Current: ₹118.00 | Positions: 1 | Daily Max: ₹118.00 | 🚫 DISCIPLINE ACTIVE
2025-07-29 15:08:08,487 - ENHANCED_RUNNER - INFO - 💹 LTP ✅ | MTM ✅ | Current: ₹153.00 | Positions: 0 | Daily Max: ₹153.00 | 🚫 DISCIPLINE ACTIVE
2025-07-29 15:08:12,499 - ENHANCED_RUNNER - INFO - ============================================================
2025-07-29 15:08:12,499 - ENHANCED_RUNNER - INFO - 📊 DETAILED SYSTEM STATUS
2025-07-29 15:08:12,499 - ENHANCED_RUNNER - INFO - ============================================================
2025-07-29 15:08:12,499 - ENHANCED_RUNNER - INFO - 🔧 Processes:
2025-07-29 15:08:12,499 - ENHANCED_RUNNER - INFO -    LTP Subscriber: ✅ Running (PID: 4608, Restarts: 0)
2025-07-29 15:08:12,499 - ENHANCED_RUNNER - INFO -    MTM Monitor: ✅ Running (PID: 4611, Restarts: 0)
2025-07-29 15:08:12,499 - ENHANCED_RUNNER - INFO - 💰 Trading Status:
2025-07-29 15:08:12,499 - ENHANCED_RUNNER - INFO -    Current MTM: ₹153.00
2025-07-29 15:08:12,499 - ENHANCED_RUNNER - INFO -    Open Positions: 0
2025-07-29 15:08:12,500 - ENHANCED_RUNNER - INFO -    Daily Max MTM: ₹153.00
2025-07-29 15:08:12,500 - ENHANCED_RUNNER - INFO -    Daily Target: ₹100
2025-07-29 15:08:12,500 - ENHANCED_RUNNER - INFO -    Trading Discipline: 🚫 ACTIVE (No new positions)
2025-07-29 15:08:12,500 - ENHANCED_RUNNER - INFO -    Today's Threshold Breaches: 0
2025-07-29 15:08:12,500 - ENHANCED_RUNNER - INFO -    Recent Square-offs: 5
2025-07-29 15:08:12,500 - ENHANCED_RUNNER - INFO - 💾 Database Status:
2025-07-29 15:08:12,500 - ENHANCED_RUNNER - INFO -    LTP DB: 0.0 MB (4 LTP records)
2025-07-29 15:08:12,500 - ENHANCED_RUNNER - INFO -    MTM DB: 0.1 MB (219 MTM records)
2025-07-29 15:08:12,500 - ENHANCED_RUNNER - INFO - ============================================================
2025-07-29 15:08:15,502 - ENHANCED_RUNNER - INFO - 💹 LTP ✅ | MTM ✅ | Current: ₹153.00 | Positions: 0 | Daily Max: ₹153.00 | 🚫 DISCIPLINE ACTIVE
2025-07-29 15:08:21,504 - ENHANCED_RUNNER - INFO - 💹 LTP ✅ | MTM ✅ | Current: ₹153.00 | Positions: 0 | Daily Max: ₹153.00 | 🚫 DISCIPLINE ACTIVE
2025-07-29 15:08:27,506 - ENHANCED_RUNNER - INFO - 💹 LTP ✅ | MTM ✅ | Current: ₹153.00 | Positions: 0 | Daily Max: ₹153.00 | 🚫 DISCIPLINE ACTIVE
2025-07-29 15:08:33,508 - ENHANCED_RUNNER - INFO - 💹 LTP ✅ | MTM ✅ | Current: ₹153.00 | Positions: 0 | Daily Max: ₹153.00 | 🚫 DISCIPLINE ACTIVE
2025-07-29 15:08:34,520 - ENHANCED_RUNNER - INFO - ============================================================
2025-07-29 15:08:34,520 - ENHANCED_RUNNER - INFO - 📊 DETAILED SYSTEM STATUS
2025-07-29 15:08:34,520 - ENHANCED_RUNNER - INFO - ============================================================
2025-07-29 15:08:34,520 - ENHANCED_RUNNER - INFO - 🔧 Processes:
2025-07-29 15:08:34,520 - ENHANCED_RUNNER - INFO -    LTP Subscriber: ✅ Running (PID: 4608, Restarts: 0)
2025-07-29 15:08:34,520 - ENHANCED_RUNNER - INFO -    MTM Monitor: ✅ Running (PID: 4611, Restarts: 0)
2025-07-29 15:08:34,520 - ENHANCED_RUNNER - INFO - 💰 Trading Status:
2025-07-29 15:08:34,520 - ENHANCED_RUNNER - INFO -    Current MTM: ₹153.00
2025-07-29 15:08:34,520 - ENHANCED_RUNNER - INFO -    Open Positions: 0
2025-07-29 15:08:34,521 - ENHANCED_RUNNER - INFO -    Daily Max MTM: ₹153.00
2025-07-29 15:08:34,521 - ENHANCED_RUNNER - INFO -    Daily Target: ₹100
2025-07-29 15:08:34,521 - ENHANCED_RUNNER - INFO -    Trading Discipline: 🚫 ACTIVE (No new positions)
2025-07-29 15:08:34,521 - ENHANCED_RUNNER - INFO -    Today's Threshold Breaches: 0
2025-07-29 15:08:34,521 - ENHANCED_RUNNER - INFO -    Recent Square-offs: 5
2025-07-29 15:08:34,521 - ENHANCED_RUNNER - INFO - 💾 Database Status:
2025-07-29 15:08:34,521 - ENHANCED_RUNNER - INFO -    LTP DB: 0.0 MB (4 LTP records)
2025-07-29 15:08:34,521 - ENHANCED_RUNNER - INFO -    MTM DB: 0.1 MB (226 MTM records)
2025-07-29 15:08:34,521 - ENHANCED_RUNNER - INFO - ============================================================
2025-07-29 15:08:40,523 - ENHANCED_RUNNER - INFO - 💹 LTP ✅ | MTM ✅ | Current: ₹153.00 | Positions: 0 | Daily Max: ₹153.00 | 🚫 DISCIPLINE ACTIVE
2025-07-29 15:08:46,526 - ENHANCED_RUNNER - INFO - 💹 LTP ✅ | MTM ✅ | Current: ₹153.00 | Positions: 0 | Daily Max: ₹153.00 | 🚫 DISCIPLINE ACTIVE
2025-07-29 15:08:52,528 - ENHANCED_RUNNER - INFO - 💹 LTP ✅ | MTM ✅ | Current: ₹153.00 | Positions: 0 | Daily Max: ₹153.00 | 🚫 DISCIPLINE ACTIVE
2025-07-29 15:08:56,540 - ENHANCED_RUNNER - INFO - ============================================================
2025-07-29 15:08:56,540 - ENHANCED_RUNNER - INFO - 📊 DETAILED SYSTEM STATUS
2025-07-29 15:08:56,540 - ENHANCED_RUNNER - INFO - ============================================================
2025-07-29 15:08:56,540 - ENHANCED_RUNNER - INFO - 🔧 Processes:
2025-07-29 15:08:56,540 - ENHANCED_RUNNER - INFO -    LTP Subscriber: ✅ Running (PID: 4608, Restarts: 0)
2025-07-29 15:08:56,540 - ENHANCED_RUNNER - INFO -    MTM Monitor: ✅ Running (PID: 4611, Restarts: 0)
2025-07-29 15:08:56,540 - ENHANCED_RUNNER - INFO - 💰 Trading Status:
2025-07-29 15:08:56,540 - ENHANCED_RUNNER - INFO -    Current MTM: ₹153.00
2025-07-29 15:08:56,540 - ENHANCED_RUNNER - INFO -    Open Positions: 0
2025-07-29 15:08:56,541 - ENHANCED_RUNNER - INFO -    Daily Max MTM: ₹153.00
2025-07-29 15:08:56,541 - ENHANCED_RUNNER - INFO -    Daily Target: ₹100
2025-07-29 15:08:56,541 - ENHANCED_RUNNER - INFO -    Trading Discipline: 🚫 ACTIVE (No new positions)
2025-07-29 15:08:56,541 - ENHANCED_RUNNER - INFO -    Today's Threshold Breaches: 0
2025-07-29 15:08:56,541 - ENHANCED_RUNNER - INFO -    Recent Square-offs: 5
2025-07-29 15:08:56,541 - ENHANCED_RUNNER - INFO - 💾 Database Status:
2025-07-29 15:08:56,541 - ENHANCED_RUNNER - INFO -    LTP DB: 0.0 MB (4 LTP records)
2025-07-29 15:08:56,541 - ENHANCED_RUNNER - INFO -    MTM DB: 0.1 MB (233 MTM records)
2025-07-29 15:08:56,541 - ENHANCED_RUNNER - INFO - ============================================================
2025-07-29 15:08:59,543 - ENHANCED_RUNNER - INFO - 💹 LTP ✅ | MTM ✅ | Current: ₹153.00 | Positions: 0 | Daily Max: ₹153.00 | 🚫 DISCIPLINE ACTIVE
2025-07-29 15:09:05,545 - ENHANCED_RUNNER - INFO - 💹 LTP ✅ | MTM ✅ | Current: ₹153.00 | Positions: 0 | Daily Max: ₹153.00 | 🚫 DISCIPLINE ACTIVE
2025-07-29 15:09:11,547 - ENHANCED_RUNNER - INFO - 💹 LTP ✅ | MTM ✅ | Current: ₹153.00 | Positions: 0 | Daily Max: ₹153.00 | 🚫 DISCIPLINE ACTIVE
2025-07-29 15:09:17,549 - ENHANCED_RUNNER - INFO - 💹 LTP ✅ | MTM ✅ | Current: ₹153.00 | Positions: 0 | Daily Max: ₹153.00 | 🚫 DISCIPLINE ACTIVE
2025-07-29 15:09:18,564 - ENHANCED_RUNNER - INFO - ============================================================
2025-07-29 15:09:18,564 - ENHANCED_RUNNER - INFO - 📊 DETAILED SYSTEM STATUS
2025-07-29 15:09:18,565 - ENHANCED_RUNNER - INFO - ============================================================
2025-07-29 15:09:18,565 - ENHANCED_RUNNER - INFO - 🔧 Processes:
2025-07-29 15:09:18,565 - ENHANCED_RUNNER - INFO -    LTP Subscriber: ✅ Running (PID: 4608, Restarts: 0)
2025-07-29 15:09:18,565 - ENHANCED_RUNNER - INFO -    MTM Monitor: ✅ Running (PID: 4611, Restarts: 0)
2025-07-29 15:09:18,565 - ENHANCED_RUNNER - INFO - 💰 Trading Status:
2025-07-29 15:09:18,565 - ENHANCED_RUNNER - INFO -    Current MTM: ₹153.00
2025-07-29 15:09:18,565 - ENHANCED_RUNNER - INFO -    Open Positions: 0
2025-07-29 15:09:18,565 - ENHANCED_RUNNER - INFO -    Daily Max MTM: ₹153.00
2025-07-29 15:09:18,565 - ENHANCED_RUNNER - INFO -    Daily Target: ₹100
2025-07-29 15:09:18,565 - ENHANCED_RUNNER - INFO -    Trading Discipline: 🚫 ACTIVE (No new positions)
2025-07-29 15:09:18,565 - ENHANCED_RUNNER - INFO -    Today's Threshold Breaches: 0
2025-07-29 15:09:18,566 - ENHANCED_RUNNER - INFO -    Recent Square-offs: 5
2025-07-29 15:09:18,566 - ENHANCED_RUNNER - INFO - 💾 Database Status:
2025-07-29 15:09:18,566 - ENHANCED_RUNNER - INFO -    LTP DB: 0.0 MB (4 LTP records)
2025-07-29 15:09:18,566 - ENHANCED_RUNNER - INFO -    MTM DB: 0.1 MB (239 MTM records)
2025-07-29 15:09:18,566 - ENHANCED_RUNNER - INFO - ============================================================
2025-07-29 15:09:24,568 - ENHANCED_RUNNER - INFO - 💹 LTP ✅ | MTM ✅ | Current: ₹153.00 | Positions: 0 | Daily Max: ₹153.00 | 🚫 DISCIPLINE ACTIVE
2025-07-29 15:09:30,570 - ENHANCED_RUNNER - INFO - 💹 LTP ✅ | MTM ✅ | Current: ₹153.00 | Positions: 0 | Daily Max: ₹153.00 | 🚫 DISCIPLINE ACTIVE
2025-07-29 15:09:36,572 - ENHANCED_RUNNER - INFO - 💹 LTP ✅ | MTM ✅ | Current: ₹153.00 | Positions: 0 | Daily Max: ₹153.00 | 🚫 DISCIPLINE ACTIVE
2025-07-29 15:09:40,584 - ENHANCED_RUNNER - INFO - ============================================================
2025-07-29 15:09:40,584 - ENHANCED_RUNNER - INFO - 📊 DETAILED SYSTEM STATUS
2025-07-29 15:09:40,584 - ENHANCED_RUNNER - INFO - ============================================================
2025-07-29 15:09:40,584 - ENHANCED_RUNNER - INFO - 🔧 Processes:
2025-07-29 15:09:40,584 - ENHANCED_RUNNER - INFO -    LTP Subscriber: ✅ Running (PID: 4608, Restarts: 0)
2025-07-29 15:09:40,584 - ENHANCED_RUNNER - INFO -    MTM Monitor: ✅ Running (PID: 4611, Restarts: 0)
2025-07-29 15:09:40,584 - ENHANCED_RUNNER - INFO - 💰 Trading Status:
2025-07-29 15:09:40,584 - ENHANCED_RUNNER - INFO -    Current MTM: ₹153.00
2025-07-29 15:09:40,584 - ENHANCED_RUNNER - INFO -    Open Positions: 0
2025-07-29 15:09:40,584 - ENHANCED_RUNNER - INFO -    Daily Max MTM: ₹153.00
2025-07-29 15:09:40,585 - ENHANCED_RUNNER - INFO -    Daily Target: ₹100
2025-07-29 15:09:40,585 - ENHANCED_RUNNER - INFO -    Trading Discipline: 🚫 ACTIVE (No new positions)
2025-07-29 15:09:40,585 - ENHANCED_RUNNER - INFO -    Today's Threshold Breaches: 0
2025-07-29 15:09:40,585 - ENHANCED_RUNNER - INFO -    Recent Square-offs: 5
2025-07-29 15:09:40,585 - ENHANCED_RUNNER - INFO - 💾 Database Status:
2025-07-29 15:09:40,585 - ENHANCED_RUNNER - INFO -    LTP DB: 0.0 MB (4 LTP records)
2025-07-29 15:09:40,585 - ENHANCED_RUNNER - INFO -    MTM DB: 0.1 MB (246 MTM records)
2025-07-29 15:09:40,585 - ENHANCED_RUNNER - INFO - ============================================================
2025-07-29 15:09:43,587 - ENHANCED_RUNNER - INFO - 💹 LTP ✅ | MTM ✅ | Current: ₹153.00 | Positions: 0 | Daily Max: ₹153.00 | 🚫 DISCIPLINE ACTIVE
2025-07-29 15:09:49,589 - ENHANCED_RUNNER - INFO - 💹 LTP ✅ | MTM ✅ | Current: ₹153.00 | Positions: 0 | Daily Max: ₹153.00 | 🚫 DISCIPLINE ACTIVE
2025-07-29 15:09:55,591 - ENHANCED_RUNNER - INFO - 💹 LTP ✅ | MTM ✅ | Current: ₹153.00 | Positions: 0 | Daily Max: ₹153.00 | 🚫 DISCIPLINE ACTIVE
2025-07-29 15:10:01,593 - ENHANCED_RUNNER - INFO - 💹 LTP ✅ | MTM ✅ | Current: ₹153.00 | Positions: 0 | Daily Max: ₹153.00 | 🚫 DISCIPLINE ACTIVE
2025-07-29 15:10:02,607 - ENHANCED_RUNNER - INFO - ============================================================
2025-07-29 15:10:02,607 - ENHANCED_RUNNER - INFO - 📊 DETAILED SYSTEM STATUS
2025-07-29 15:10:02,607 - ENHANCED_RUNNER - INFO - ============================================================
2025-07-29 15:10:02,607 - ENHANCED_RUNNER - INFO - 🔧 Processes:
2025-07-29 15:10:02,607 - ENHANCED_RUNNER - INFO -    LTP Subscriber: ✅ Running (PID: 4608, Restarts: 0)
2025-07-29 15:10:02,607 - ENHANCED_RUNNER - INFO -    MTM Monitor: ✅ Running (PID: 4611, Restarts: 0)
2025-07-29 15:10:02,607 - ENHANCED_RUNNER - INFO - 💰 Trading Status:
2025-07-29 15:10:02,607 - ENHANCED_RUNNER - INFO -    Current MTM: ₹153.00
2025-07-29 15:10:02,607 - ENHANCED_RUNNER - INFO -    Open Positions: 0
2025-07-29 15:10:02,608 - ENHANCED_RUNNER - INFO -    Daily Max MTM: ₹153.00
2025-07-29 15:10:02,608 - ENHANCED_RUNNER - INFO -    Daily Target: ₹100
2025-07-29 15:10:02,608 - ENHANCED_RUNNER - INFO -    Trading Discipline: 🚫 ACTIVE (No new positions)
2025-07-29 15:10:02,608 - ENHANCED_RUNNER - INFO -    Today's Threshold Breaches: 0
2025-07-29 15:10:02,608 - ENHANCED_RUNNER - INFO -    Recent Square-offs: 5
2025-07-29 15:10:02,608 - ENHANCED_RUNNER - INFO - 💾 Database Status:
2025-07-29 15:10:02,608 - ENHANCED_RUNNER - INFO -    LTP DB: 0.0 MB (4 LTP records)
2025-07-29 15:10:02,608 - ENHANCED_RUNNER - INFO -    MTM DB: 0.1 MB (253 MTM records)
2025-07-29 15:10:02,608 - ENHANCED_RUNNER - INFO - ============================================================
